make.exe all --print-data-base --no-builtin-variables --no-builtin-rules --question
# GNU Make 3.82.90
# Built for i686-pc-mingw32
# Copyright (C) 1988-2012 Free Software Foundation, Inc.
# License GPLv3+: GNU GPL version 3 or later <http://gnu.org/licenses/gpl.html>
# This is free software: you are free to change and redistribute it.
# There is NO WARRANTY, to the extent permitted by law.
 

# Make data base, printed on Wed Aug 17 09:41:54 2022

# Variables

# automatic
<D = $(patsubst %/,%,$(patsubst %\,%,$(dir $<)))
# automatic
?F = $(notdir $?)
# default
.SHELLFLAGS := -c
# makefile
MAKEFLAGS = Rrqp
# automatic
?D = $(patsubst %/,%,$(patsubst %\,%,$(dir $?)))
# automatic
@D = $(patsubst %/,%,$(patsubst %\,%,$(dir $@)))
# environment
HOMEDRIVE = C:
# automatic
@F = $(notdir $@)
# automatic
^D = $(patsubst %/,%,$(patsubst %\,%,$(dir $^)))
# makefile
CURDIR := c:/Users/Mansij/Desktop/c++ projects/Blackjack
# default
SHELL := sh.exe
# environment
WINDIR = C:\WINDOWS
# environment
VSCODE_NLS_CONFIG = {"locale":"en-us","availableLanguages":{},"_languagePackSupport":true}
# environment
VBOX_MSI_INSTALL_PATH = C:\Program Files\Oracle\VirtualBox\
# environment
ONEDRIVE = C:\Users\Mansij\OneDrive
# environment
PATHEXT = .COM;.EXE;.BAT;.CMD;.VBS;.VBE;.JS;.JSE;.WSF;.WSH;.MSC
# makefile (from 'makefile', line 1)
MAKEFILE_LIST :=  makefile
# environment
FPS_BROWSER_USER_PROFILE_STRING = Default
# environment
TMP = C:\Users\Mansij\AppData\Local\Temp
# environment
PROGRAMW6432 = C:\Program Files
# environment
PROGRAMDATA = C:\ProgramData
# environment
VSCODE_CWD = C:\Users\Mansij\AppData\Local\Programs\Microsoft VS Code
# environment
PATH = C:\Program Files (x86)\Intel\Intel(R) Management Engine Components\iCLS\;C:\Program Files\Intel\Intel(R) Management Engine Components\iCLS\;C:\WINDOWS\system32;C:\WINDOWS;C:\WINDOWS\System32\Wbem;C:\WINDOWS\System32\WindowsPowerShell\v1.0\;C:\Program Files\mingw-w64\mingw64\bin;C:\Program Files (x86)\Intel\Intel(R) Management Engine Components\DAL;C:\Program Files\Intel\Intel(R) Management Engine Components\DAL;C:\Program Files (x86)\Intel\Intel(R) Management Engine Components\IPT;C:\Program Files\Intel\Intel(R) Management Engine Components\IPT;C:\WINDOWS\System32\OpenSSH\;C:\sqlite3;C:\Program Files\Git\cmd;C:\Program Files (x86)\Pulse Secure\VC142.CRT\X64\;C:\Program Files (x86)\Pulse Secure\VC142.CRT\X86\;C:\Program Files (x86)\Common Files\Pulse Secure\TNC Client Plugin\;C:\Program Files\dotnet\;C:\Program Files\Microsoft SQL Server\130\Tools\Binn\;C:\Program Files\Microsoft SQL Server\Client SDK\ODBC\170\Tools\Binn\;C:\Program Files\Microsoft SQL Server\150\Tools\Binn\;C:\Program Files (x86)\Microsoft SQL Server\150\Tools\Binn\;C:\Program Files\Microsoft SQL Server\150\DTS\Binn\;C:\Program Files (x86)\Microsoft SQL Server\160\DTS\Binn\;C:\Program Files\Azure Data Studio\bin;C:\Program Files\Docker\Docker\resources\bin;C:\ProgramData\DockerDesktop\version-bin;C:\Users\Mansij\AppData\Local\Programs\Python\Python39\Scripts\;C:\Users\Mansij\AppData\Local\Programs\Python\Python39\;C:\Users\Mansij\AppData\Local\Microsoft\WindowsApps;C:\Users\Mansij\AppData\Local\Programs\Microsoft VS Code\bin;C:\Users\Mansij\.dotnet\tools;C:\Program Files\Azure Data Studio\bin;C:\MinGW\bin;C:\MinGW\bin;
# environment
COMMONPROGRAMW6432 = C:\Program Files\Common Files
# environment
PROCESSOR_ARCHITECTURE = x86
# environment
USERPROFILE = C:\Users\Mansij
# environment
ALLUSERSPROFILE = C:\ProgramData
# environment
NUMBER_OF_PROCESSORS = 4
# environment
ELECTRON_RUN_AS_NODE = 1
# default
.FEATURES := target-specific order-only second-expansion else-if shortest-stem undefine oneshell archives jobserver
# automatic
%F = $(notdir $%)
# environment
CHROME_CRASHPAD_PIPE_NAME = \\.\pipe\crashpad_13148_PDJRBTIZTJOYYFCK
# environment
COMPUTERNAME = LAPTOP-MMIQGCHA
# environment
PROGRAMFILES = C:\Program Files (x86)
# environment
DRIVERDATA = C:\Windows\System32\Drivers\DriverData
# environment
ORIGINAL_XDG_CURRENT_DESKTOP = undefined
# environment
USERNAME = Mansij
# environment
PUBLIC = C:\Users\Public
# environment
VSCODE_AMD_ENTRYPOINT = vs/workbench/api/node/extensionHostProcess
# environment
VSCODE_CODE_CACHE_PATH = C:\Users\Mansij\AppData\Roaming\Code\CachedData\6d9b74a70ca9c7733b29f0456fd8195364076dda
# environment
APPLICATION_INSIGHTS_NO_DIAGNOSTIC_CHANNEL = true
# environment
COMMONPROGRAMFILES = C:\Program Files (x86)\Common Files
# environment
LOGONSERVER = \\LAPTOP-MMIQGCHA
# environment
VSCODE_HANDLES_UNCAUGHT_ERRORS = true
# environment
USERDOMAIN = LAPTOP-MMIQGCHA
# environment
MAKELEVEL := 0
# default
MAKE = $(MAKE_COMMAND)
# default
MAKECMDGOALS := all
# default
MAKE_VERSION := 3.82.90
# makefile
.DEFAULT_GOAL := main
# environment
PROGRAMFILES(X86) = C:\Program Files (x86)
# automatic
%D = $(patsubst %/,%,$(patsubst %\,%,$(dir $%)))
# environment
LOCALAPPDATA = C:\Users\Mansij\AppData\Local
# environment
PSMODULEPATH = C:\Program Files\WindowsPowerShell\Modules;C:\WINDOWS\system32\WindowsPowerShell\v1.0\Modules;C:\Program Files (x86)\Microsoft SQL Server\150\Tools\PowerShell\Modules\
# default
MAKE_COMMAND := make.exe
# environment
PROCESSOR_ARCHITEW6432 = AMD64
# default
.VARIABLES := 
# automatic
*F = $(notdir $*)
# environment
PROCESSOR_IDENTIFIER = Intel64 Family 6 Model 142 Stepping 10, GenuineIntel
# environment
OS = Windows_NT
# environment
VSCODE_IPC_HOOK = \\.\pipe\16116184cc201234f9a031c177d80bba-1.70.1-main-sock
# environment
HOMEPATH = \Users\Mansij
# environment
COMMONPROGRAMFILES(X86) = C:\Program Files (x86)\Common Files
# environment
PROMPT = $P$G
# environment
MFLAGS = -Rrqp
# automatic
*D = $(patsubst %/,%,$(patsubst %\,%,$(dir $*)))
# environment
SYSTEMROOT = C:\WINDOWS
# automatic
+D = $(patsubst %/,%,$(patsubst %\,%,$(dir $+)))
# automatic
+F = $(notdir $+)
# environment
APPDATA = C:\Users\Mansij\AppData\Roaming
# environment
TEMP = C:\Users\Mansij\AppData\Local\Temp
# environment
COMSPEC = C:\WINDOWS\system32\cmd.exe
# default
MAKEFILES := 
# automatic
<F = $(notdir $<)
# environment
LC_ALL = C
# automatic
^F = $(notdir $^)
# default
SUFFIXES := 
# environment
SYSTEMDRIVE = C:
# environment
SESSIONNAME = Console
# environment
PROCESSOR_REVISION = 8e0a
# default
.RECIPEPREFIX := 
# environment
LANG = C
# environment
PROCESSOR_LEVEL = 6
# environment
FPS_BROWSER_APP_PROFILE_STRING = Internet Explorer
# environment
VSCODE_PID = 13148
# environment
USERDOMAIN_ROAMINGPROFILE = LAPTOP-MMIQGCHA
# variable set hash-table stats:
# Load=86/1024=8%, Rehash=0, Collisions=11/104=11%

# Pattern-specific Variable Values

# No pattern-specific variable values.

# Directories

# C:\ProgramData\DockerDesktop\version-bin: could not be stat'd.
# C:\Program Files (x86)\Pulse Secure\VC142.CRT\X64\ (key C:/Program Files (x86)/Pulse Secure/VC142.CRT/X64/, mtime 1657895055): 10 files, no impossibilities.
# C:\Users\Mansij\AppData\Local\Programs\Microsoft VS Code\bin (key C:/Users/Mansij/AppData/Local/Programs/Microsoft VS Code/bin, mtime 1660172692): 4 files, no impossibilities.
# C:\WINDOWS\System32\WindowsPowerShell\v1.0\ (key C:/WINDOWS/System32/WindowsPowerShell/v1.0/, mtime 1603806369): 30 files, no impossibilities.
# . (key c:/Users/Mansij/Desktop/c++ projects/Blackjack, mtime 1660711099): 12 files, no impossibilities.
# C:\sqlite3 (key C:/sqlite3, mtime 1626884663): 5 files, no impossibilities.
# C:\Program Files\Microsoft SQL Server\Client SDK\ODBC\170\Tools\Binn\ (key C:/Program Files/Microsoft SQL Server/Client SDK/ODBC/170/Tools/Binn/, mtime 1658944195): 7 files, no impossibilities.
# C:\Program Files\Microsoft SQL Server\150\Tools\Binn\ (key C:/Program Files/Microsoft SQL Server/150/Tools/Binn/, mtime 1658944195): 14 files, no impossibilities.
# C:\Program Files (x86)\Intel\Intel(R) Management Engine Components\iCLS\ (key C:/Program Files (x86)/Intel/Intel(R) Management Engine Components/iCLS/, mtime 1532574968): 8 files, no impossibilities.
# C:\Program Files\mingw-w64\mingw64\bin (key C:/Program Files/mingw-w64/mingw64/bin, mtime 1640207056): 58 files, no impossibilities.
# C:\Program Files\Git\cmd (key C:/Program Files/Git/cmd, mtime 1627345715): 8 files, no impossibilities.
# C:\WINDOWS\System32\OpenSSH\: could not be stat'd.
# C:\Program Files (x86)\Microsoft SQL Server\160\DTS\Binn\: could not be stat'd.
# C:\MinGW\bin (key C:/MinGW/bin, mtime 1660143606): 8 files, no impossibilities.
# C:\Program Files\Intel\Intel(R) Management Engine Components\DAL (key C:/Program Files/Intel/Intel(R) Management Engine Components/DAL, mtime 1532574959): 4 files, no impossibilities.
# C:\WINDOWS (key C:/WINDOWS, mtime 1660181207): 120 files, no impossibilities.
# C:\Program Files\Intel\Intel(R) Management Engine Components\IPT (key C:/Program Files/Intel/Intel(R) Management Engine Components/IPT, mtime 1532574959): 5 files, no impossibilities.
# C:\Users\Mansij\AppData\Local\Programs\Python\Python39\ (key C:/Users/Mansij/AppData/Local/Programs/Python/Python39/, mtime 1627747770): 20 files, no impossibilities.
# C:\Program Files\Docker\Docker\resources\bin (key C:/Program Files/Docker/Docker/resources/bin, mtime 1659980827): 13 files, no impossibilities.
# C:\Users\Mansij\AppData\Local\Programs\Python\Python39\Scripts\ (key C:/Users/Mansij/AppData/Local/Programs/Python/Python39/Scripts/, mtime 1628466897): 59 files, no impossibilities.
# C:\Program Files\Microsoft SQL Server\130\Tools\Binn\ (key C:/Program Files/Microsoft SQL Server/130/Tools/Binn/, mtime 1658929582): 4 files, no impossibilities.
# C:\WINDOWS\System32\Wbem (key C:/WINDOWS/System32/Wbem, mtime 1657896566): 153 files, no impossibilities.
# C:\Program Files (x86)\Pulse Secure\VC142.CRT\X86\ (key C:/Program Files (x86)/Pulse Secure/VC142.CRT/X86/, mtime 1657895055): 9 files, no impossibilities.
# C:\Program Files (x86)\Microsoft SQL Server\150\Tools\Binn\ (key C:/Program Files (x86)/Microsoft SQL Server/150/Tools/Binn/, mtime 1658944195): 11 files, no impossibilities.
# C:\Program Files\Microsoft SQL Server\150\DTS\Binn\ (key C:/Program Files/Microsoft SQL Server/150/DTS/Binn/, mtime 1658944248): 46 files, no impossibilities.
# C:\Users\Mansij\.dotnet\tools (key C:/Users/Mansij/.dotnet/tools, mtime 1660000685): 4 files, no impossibilities.
# C:\Program Files\dotnet\ (key C:/Program Files/dotnet/, mtime 1658942887): 12 files, no impossibilities.
# C:\WINDOWS\system32 (key C:/WINDOWS/system32, mtime 1660341751): 2928 files, no impossibilities.
# C:\Program Files\Intel\Intel(R) Management Engine Components\iCLS\ (key C:/Program Files/Intel/Intel(R) Management Engine Components/iCLS/, mtime 1532574966): 11 files, no impossibilities.
# C:\Program Files (x86)\Intel\Intel(R) Management Engine Components\DAL (key C:/Program Files (x86)/Intel/Intel(R) Management Engine Components/DAL, mtime 1532574959): 10 files, no impossibilities.
# C:\Program Files\Azure Data Studio\bin (key C:/Program Files/Azure Data Studio/bin, mtime 1658945497): 4 files, no impossibilities.
# C:\Program Files (x86)\Intel\Intel(R) Management Engine Components\IPT (key C:/Program Files (x86)/Intel/Intel(R) Management Engine Components/IPT, mtime 1532574959): 6 files, no impossibilities.
# C:\Users\Mansij\AppData\Local\Microsoft\WindowsApps (key C:/Users/Mansij/AppData/Local/Microsoft/WindowsApps, mtime 1660688946): 12 files, no impossibilities.
# C:\Program Files (x86)\Common Files\Pulse Secure\TNC Client Plugin\ (key C:/Program Files (x86)/Common Files/Pulse Secure/TNC Client Plugin/, mtime 1657895087): 26 files, no impossibilities.

# 3621 files, no impossibilities in 34 directories.

# Implicit Rules

# No implicit rules.

# Files

# Not a target:
all:
#  Command line target.
#  Implicit rule search has been done.
#  File does not exist.
#  File has not been updated.

# Not a target:
.SUFFIXES:
#  Implicit rule search has not been done.
#  Modification time never checked.
#  File has not been updated.

# Not a target:
game.cpp:
#  Implicit rule search has not been done.
#  Modification time never checked.
#  File has not been updated.

# Not a target:
makefile:
#  Implicit rule search has been done.
#  Last modified 2022-08-16 20:17:15
#  File has been updated.
#  Successfully updated.

# Not a target:
main.cpp:
#  Implicit rule search has not been done.
#  Modification time never checked.
#  File has not been updated.

# Not a target:
.DEFAULT:
#  Implicit rule search has not been done.
#  Modification time never checked.
#  File has not been updated.

clean:
#  Implicit rule search has not been done.
#  Modification time never checked.
#  File has not been updated.
#  recipe to execute (from 'makefile', line 11):
	rm *.o main

game.o: game.cpp
#  Implicit rule search has not been done.
#  Modification time never checked.
#  File has not been updated.
#  recipe to execute (from 'makefile', line 8):
	g++ -c game.cpp

main: main.o game.o
#  Implicit rule search has not been done.
#  Modification time never checked.
#  File has not been updated.
#  recipe to execute (from 'makefile', line 2):
	g++ main.o game.o -o main

main.o: main.cpp
#  Implicit rule search has not been done.
#  Modification time never checked.
#  File has not been updated.
#  recipe to execute (from 'makefile', line 5):
	g++ -c main.cpp

# files hash-table stats:
# Load=10/1024=1%, Rehash=0, Collisions=0/26=0%
# VPATH Search Paths

# No 'vpath' search paths.

# No general ('VPATH' variable) search path.

# strcache buffers: 7 (5) / strings = 3547 / storage = 53795 B / avg = 15 B
# current buf: size = 8174 B / used = 4846 B / count = 242 / avg = 20 B
# other used: total = 45621 B / count = 3305 / avg = 13 B
# other free: total = 95 B / max = 48 B / min = 4 B / avg = 15 B

# strcache performance: lookups = 3672 / hit rate = 3%
# hash-table stats:
# Load=3547/8192=43%, Rehash=0, Collisions=1225/3672=33%
# Finished Make data base on Wed Aug 17 09:41:54 2022

 
make.exe: *** No rule to make target 'all'.  Stop.

